0 verbose cli /usr/local/bin/node /usr/local/bin/npm
1 info using npm@11.13.0
2 info using node@v25.9.0
3 silly config load:file:/usr/local/lib/node_modules/npm/npmrc
4 silly config load:file:/Users/liperaon/Documents/mommys/.npmrc
5 silly config load:file:/Users/liperaon/.npmrc
6 silly config load:file:/usr/local/etc/npmrc
7 verbose title npm install
8 verbose argv "install" "--save" "--cache" "@expo-google-fonts/nunito"
9 verbose logfile logs-max:10 dir:/Users/liperaon/Documents/mommys/@expo-google-fonts/nunito/_logs/2026-06-23T19_06_02_062Z-
10 verbose logfile /Users/liperaon/Documents/mommys/@expo-google-fonts/nunito/_logs/2026-06-23T19_06_02_062Z-debug-0.log
11 silly logfile done cleaning log files
12 silly packumentCache heap:2348810240 maxSize:587202560 maxEntrySize:293601280
13 silly idealTree buildDeps
14 silly placeDep ROOT undefined@ OK for: temp_app@1.0.0 want: .npm-cache
15 verbose shrinkwrap failed to load node_modules/.package-lock.json missing from node_modules: .npm-cache
16 silly reify moves {}
17 silly audit bulk request {
17 silly audit   '@adobe/css-tools': [ '4.5.0' ],
17 silly audit   '@babel/code-frame': [ '7.29.7' ],
17 silly audit   '@babel/compat-data': [ '7.29.7' ],
17 silly audit   '@babel/core': [ '7.29.7' ],
17 silly audit   semver: [ '6.3.1', '7.8.5' ],
17 silly audit   '@babel/generator': [ '7.29.7' ],
17 silly audit   '@babel/helper-annotate-as-pure': [ '7.29.7' ],
17 silly audit   '@babel/helper-compilation-targets': [ '7.29.7' ],
17 silly audit   '@babel/helper-create-class-features-plugin': [ '7.29.7' ],
17 silly audit   '@babel/helper-create-regexp-features-plugin': [ '7.29.7' ],
17 silly audit   '@babel/helper-define-polyfill-provider': [ '0.6.8' ],
17 silly audit   '@babel/helper-globals': [ '7.29.7' ],
17 silly audit   '@babel/helper-member-expression-to-functions': [ '7.29.7' ],
17 silly audit   '@babel/helper-module-imports': [ '7.29.7' ],
17 silly audit   '@babel/helper-module-transforms': [ '7.29.7' ],
17 silly audit   '@babel/helper-optimise-call-expression': [ '7.29.7' ],
17 silly audit   '@babel/helper-plugin-utils': [ '7.29.7' ],
17 silly audit   '@babel/helper-remap-async-to-generator': [ '7.29.7' ],
17 silly audit   '@babel/helper-replace-supers': [ '7.29.7' ],
17 silly audit   '@babel/helper-skip-transparent-expression-wrappers': [ '7.29.7' ],
17 silly audit   '@babel/helper-string-parser': [ '7.29.7' ],
17 silly audit   '@babel/helper-validator-identifier': [ '7.29.7' ],
17 silly audit   '@babel/helper-validator-option': [ '7.29.7' ],
17 silly audit   '@babel/helper-wrap-function': [ '7.29.7' ],
17 silly audit   '@babel/helpers': [ '7.29.7' ],
17 silly audit   '@babel/parser': [ '7.29.7' ],
17 silly audit   '@babel/plugin-proposal-decorators': [ '7.29.7' ],
17 silly audit   '@babel/plugin-proposal-export-default-from': [ '7.29.7' ],
17 silly audit   '@babel/plugin-syntax-decorators': [ '7.29.7' ],
17 silly audit   '@babel/plugin-syntax-dynamic-import': [ '7.8.3' ],
17 silly audit   '@babel/plugin-syntax-export-default-from': [ '7.29.7' ],
17 silly audit   '@babel/plugin-syntax-flow': [ '7.29.7' ],
17 silly audit   '@babel/plugin-syntax-jsx': [ '7.29.7' ],
17 silly audit   '@babel/plugin-syntax-nullish-coalescing-operator': [ '7.8.3' ],
17 silly audit   '@babel/plugin-syntax-optional-chaining': [ '7.8.3' ],
17 silly audit   '@babel/plugin-syntax-typescript': [ '7.29.7' ],
17 silly audit   '@babel/plugin-transform-arrow-functions': [ '7.29.7' ],
17 silly audit   '@babel/plugin-transform-async-generator-functions': [ '7.29.7' ],
17 silly audit   '@babel/plugin-transform-async-to-generator': [ '7.29.7' ],
17 silly audit   '@babel/plugin-transform-block-scoping': [ '7.29.7' ],
17 silly audit   '@babel/plugin-transform-class-properties': [ '7.29.7' ],
17 silly audit   '@babel/plugin-transform-class-static-block': [ '7.29.7' ],
17 silly audit   '@babel/plugin-transform-classes': [ '7.29.7' ],
17 silly audit   '@babel/plugin-transform-destructuring': [ '7.29.7' ],
17 silly audit   '@babel/plugin-transform-export-namespace-from': [ '7.29.7' ],
17 silly audit   '@babel/plugin-transform-flow-strip-types': [ '7.29.7' ],
17 silly audit   '@babel/plugin-transform-for-of': [ '7.29.7' ],
17 silly audit   '@babel/plugin-transform-logical-assignment-operators': [ '7.29.7' ],
17 silly audit   '@babel/plugin-transform-modules-commonjs': [ '7.29.7' ],
17 silly audit   '@babel/plugin-transform-named-capturing-groups-regex': [ '7.29.7' ],
17 silly audit   '@babel/plugin-transform-nullish-coalescing-operator': [ '7.29.7' ],
17 silly audit   '@babel/plugin-transform-object-rest-spread': [ '7.29.7' ],
17 silly audit   '@babel/plugin-transform-optional-catch-binding': [ '7.29.7' ],
17 silly audit   '@babel/plugin-transform-optional-chaining': [ '7.29.7' ],
17 silly audit   '@babel/plugin-transform-parameters': [ '7.29.7' ],
17 silly audit   '@babel/plugin-transform-private-methods': [ '7.29.7' ],
17 silly audit   '@babel/plugin-transform-private-property-in-object': [ '7.29.7' ],
17 silly audit   '@babel/plugin-transform-react-display-name': [ '7.29.7' ],
17 silly audit   '@babel/plugin-transform-react-jsx': [ '7.29.7' ],
17 silly audit   '@babel/plugin-transform-react-jsx-development': [ '7.29.7' ],
17 silly audit   '@babel/plugin-transform-react-jsx-self': [ '7.29.7' ],
17 silly audit   '@babel/plugin-transform-react-jsx-source': [ '7.29.7' ],
17 silly audit   '@babel/plugin-transform-react-pure-annotations': [ '7.29.7' ],
17 silly audit   '@babel/plugin-transform-regenerator': [ '7.29.7' ],
17 silly audit   '@babel/plugin-transform-runtime': [ '7.29.7' ],
17 silly audit   '@babel/plugin-transform-shorthand-properties': [ '7.29.7' ],
17 silly audit   '@babel/plugin-transform-template-literals': [ '7.29.7' ],
17 silly audit   '@babel/plugin-transform-typescript': [ '7.29.7' ],
17 silly audit   '@babel/plugin-transform-unicode-regex': [ '7.29.7' ],
17 silly audit   '@babel/preset-typescript': [ '7.29.7' ],
17 silly audit   '@babel/runtime': [ '7.29.7' ],
17 silly audit   '@babel/template': [ '7.29.7' ],
17 silly audit   '@babel/traverse': [ '7.29.7' ],
17 silly audit   '@babel/types': [ '7.29.7' ],
17 silly audit   '@expo-google-fonts/material-symbols': [ '0.4.38' ],
17 silly audit   '@expo/code-signing-certificates': [ '0.0.6' ],
17 silly audit   '@expo/config': [ '56.0.9' ],
17 silly audit   '@expo/config-plugins': [ '56.0.9' ],
17 silly audit   '@expo/config-types': [ '56.0.6' ],
17 silly audit   '@expo/devcert': [ '1.2.1' ],
17 silly audit   debug: [ '3.2.7', '2.6.9', '4.4.3' ],
17 silly audit   '@expo/devtools': [ '56.0.2' ],
17 silly audit   '@expo/dom-webview': [ '56.0.5' ],
17 silly audit   '@expo/env': [ '2.3.0' ],
17 silly audit   '@expo/expo-modules-macros-plugin': [ '0.2.2' ],
17 silly audit   '@expo/fingerprint': [ '0.19.4' ],
17 silly audit   '@expo/image-utils': [ '0.10.1' ],
17 silly audit   '@expo/inline-modules': [ '0.0.12' ],
17 silly audit   '@expo/json-file': [ '10.2.0' ],
17 silly audit   '@expo/local-build-cache-provider': [ '56.0.8' ],
17 silly audit   '@expo/log-box': [ '56.0.13' ],
17 silly audit   '@expo/metro': [ '56.0.0' ],
17 silly audit   '@expo/metro-config': [ '56.0.14' ],
17 silly audit   '@expo/metro-file-map': [ '56.0.3' ],
17 silly audit   '@expo/metro-runtime': [ '56.0.15' ],
17 silly audit   '@expo/osascript': [ '2.6.0' ],
17 silly audit   '@expo/package-manager': [ '1.12.1' ],
17 silly audit   '@expo/plist': [ '0.7.0' ],
17 silly audit   '@expo/prebuild-config': [ '56.0.16' ],
17 silly audit   '@expo/require-utils': [ '56.1.3' ],
17 silly audit   '@expo/schema-utils': [ '56.0.1' ],
17 silly audit   '@expo/sdk-runtime-versions': [ '1.0.0' ],
17 silly audit   '@expo/spawn-async': [ '1.8.0' ],
17 silly audit   '@expo/sudo-prompt': [ '9.3.2' ],
17 silly audit   '@expo/ui': [ '56.0.18' ],
17 silly audit   '@expo/vector-icons': [ '15.1.1' ],
17 silly audit   '@expo/xcpretty': [ '4.4.4' ],
17 silly audit   '@isaacs/ttlcache': [ '1.4.1' ],
17 silly audit   '@jest/schemas': [ '29.6.3' ],
17 silly audit   '@jest/types': [ '29.6.3' ],
17 silly audit   '@jridgewell/gen-mapping': [ '0.3.13' ],
17 silly audit   '@jridgewell/remapping': [ '2.3.5' ],
17 silly audit   '@jridgewell/resolve-uri': [ '3.1.2' ],
17 silly audit   '@jridgewell/source-map': [ '0.3.11' ],
17 silly audit   '@jridgewell/sourcemap-codec': [ '1.5.5' ],
17 silly audit   '@jridgewell/trace-mapping': [ '0.3.31' ],
17 silly audit   '@radix-ui/primitive': [ '1.1.4' ],
17 silly audit   '@radix-ui/react-collection': [ '1.1.10' ],
17 silly audit   '@radix-ui/react-compose-refs': [ '1.1.3' ],
17 silly audit   '@radix-ui/react-context': [ '1.1.4' ],
17 silly audit   '@radix-ui/react-dialog': [ '1.1.17' ],
17 silly audit   '@radix-ui/react-direction': [ '1.1.2' ],
17 silly audit   '@radix-ui/react-dismissable-layer': [ '1.1.13' ],
17 silly audit   '@radix-ui/react-focus-guards': [ '1.1.4' ],
17 silly audit   '@radix-ui/react-focus-scope': [ '1.1.10' ],
17 silly audit   '@radix-ui/react-id': [ '1.1.2' ],
17 silly audit   '@radix-ui/react-portal': [ '1.1.12' ],
17 silly audit   '@radix-ui/react-presence': [ '1.1.6' ],
17 silly audit   '@radix-ui/react-primitive': [ '2.1.6' ],
17 silly audit   '@radix-ui/react-roving-focus': [ '1.1.13' ],
17 silly audit   '@radix-ui/react-slot': [ '1.3.0' ],
17 silly audit   '@radix-ui/react-tabs': [ '1.1.15' ],
17 silly audit   '@radix-ui/react-use-callback-ref': [ '1.1.2' ],
17 silly audit   '@radix-ui/react-use-controllable-state': [ '1.2.3' ],
17 silly audit   '@radix-ui/react-use-effect-event': [ '0.0.3' ],
17 silly audit   '@radix-ui/react-use-escape-keydown': [ '1.1.2' ],
17 silly audit   '@radix-ui/react-use-layout-effect': [ '1.1.2' ],
17 silly audit   '@react-native-masked-view/masked-view': [ '0.3.2' ],
17 silly audit   '@react-native/assets-registry': [ '0.85.3' ],
17 silly audit   '@react-native/babel-plugin-codegen': [ '0.85.3' ],
17 silly audit   '@react-native/babel-preset': [ '0.85.3' ],
17 silly audit   '@react-native/codegen': [ '0.85.3' ],
17 silly audit   '@react-native/community-cli-plugin': [ '0.85.3' ],
17 silly audit   '@react-native/debugger-frontend': [ '0.85.3' ],
17 silly audit   '@react-native/debugger-shell': [ '0.85.3' ],
17 silly audit   '@react-native/dev-middleware': [ '0.85.3' ],
17 silly audit   '@react-native/gradle-plugin': [ '0.85.3' ],
17 silly audit   '@react-native/js-polyfills': [ '0.85.3' ],
17 silly audit   '@react-native/metro-babel-transformer': [ '0.85.3' ],
17 silly audit   '@react-native/metro-config': [ '0.85.3' ],
17 silly audit   '@react-native/normalize-colors': [ '0.85.3', '0.74.89' ],
17 silly audit   '@react-native/virtualized-lists': [ '0.85.3' ],
17 silly audit   '@sinclair/typebox': [ '0.27.10' ],
17 silly audit   '@testing-library/dom': [ '10.4.1' ],
17 silly audit   'ansi-styles': [ '5.2.0', '4.3.0', '3.2.1' ],
17 silly audit   'pretty-format': [ '27.5.1', '29.7.0' ],
17 silly audit   'react-is': [ '17.0.2', '18.3.1', '19.2.7' ],
17 silly audit   '@testing-library/jest-dom': [ '6.9.1' ],
17 silly audit   'dom-accessibility-api': [ '0.6.3', '0.5.16' ],
17 silly audit   '@testing-library/user-event': [ '14.6.1' ],
17 silly audit   '@types/aria-query': [ '5.0.4' ],
17 silly audit   '@types/istanbul-lib-coverage': [ '2.0.6' ],
17 silly audit   '@types/istanbul-lib-report': [ '3.0.3' ],
17 silly audit   '@types/istanbul-reports': [ '3.0.4' ],
17 silly audit   '@types/node': [ '26.0.0' ],
17 silly audit   '@types/react': [ '19.2.17' ],
17 silly audit   '@types/react-test-renderer': [ '19.1.0' ],
17 silly audit   '@types/yargs': [ '17.0.35' ],
17 silly audit   '@types/yargs-parser': [ '21.0.3' ],
17 silly audit   '@ungap/structured-clone': [ '1.3.2' ],
17 silly audit   '@xmldom/xmldom': [ '0.8.13', '0.9.10' ],
17 silly audit   'abort-controller': [ '3.0.0' ],
17 silly audit   accepts: [ '2.0.0', '1.3.8' ],
17 silly audit   acorn: [ '8.17.0' ],
17 silly audit   'agent-base': [ '7.1.4' ],
17 silly audit   anser: [ '1.4.10' ],
17 silly audit   'ansi-escapes': [ '4.3.2' ],
17 silly audit   'type-fest': [ '0.21.3', '0.7.1' ],
17 silly audit   'ansi-regex': [ '5.0.1', '4.1.1' ],
17 silly audit   arg: [ '5.0.2' ],
17 silly audit   argparse: [ '2.0.1' ],
17 silly audit   'aria-hidden': [ '1.2.6' ],
17 silly audit   'aria-query': [ '5.3.0' ],
17 silly audit   asap: [ '2.0.6' ],
17 silly audit   'await-lock': [ '2.2.2' ],
17 silly audit   'babel-plugin-polyfill-corejs2': [ '0.4.17' ],
17 silly audit   'babel-plugin-polyfill-corejs3': [ '0.13.0' ],
17 silly audit   'babel-plugin-polyfill-regenerator': [ '0.6.8' ],
17 silly audit   'babel-plugin-react-compiler': [ '1.0.0' ],
17 silly audit   'babel-plugin-react-native-web': [ '0.21.2' ],
17 silly audit   'babel-plugin-syntax-hermes-parser': [ '0.33.3' ],
17 silly audit   'babel-plugin-transform-flow-enums': [ '0.0.2' ],
17 silly audit   'babel-preset-expo': [ '56.0.15' ],
17 silly audit   'balanced-match': [ '4.0.4' ],
17 silly audit   'base64-js': [ '1.5.1' ],
17 silly audit   'baseline-browser-mapping': [ '2.10.38' ],
17 silly audit   'big-integer': [ '1.6.52' ],
17 silly audit   'bplist-creator': [ '0.1.0' ],
17 silly audit   'bplist-parser': [ '0.3.1' ],
17 silly audit   'brace-expansion': [ '5.0.6' ],
17 silly audit   braces: [ '3.0.3' ],
17 silly audit   browserslist: [ '4.28.4' ],
17 silly audit   bser: [ '2.1.1' ],
17 silly audit   'buffer-from': [ '1.1.2' ],
17 silly audit   bytes: [ '3.1.2' ],
17 silly audit   camelcase: [ '6.3.0' ],
17 silly audit   'caniuse-lite': [ '1.0.30001799' ],
17 silly audit   chalk: [ '4.1.2', '2.4.2' ],
17 silly audit   'chrome-launcher': [ '0.15.2' ],
17 silly audit   'chromium-edge-launcher': [ '0.3.0' ],
17 silly audit   'ci-info': [ '2.0.0', '3.9.0' ],
17 silly audit   'cli-cursor': [ '2.1.0' ],
17 silly audit   'cli-spinners': [ '2.9.2' ],
17 silly audit   'client-only': [ '0.0.1' ],
17 silly audit   cliui: [ '8.0.1' ],
17 silly audit   clone: [ '1.0.4' ],
17 silly audit   color: [ '4.2.3' ],
17 silly audit   'color-convert': [ '2.0.1', '1.9.3' ],
17 silly audit   'color-name': [ '1.1.4', '1.1.3' ],
17 silly audit   'color-string': [ '1.9.1' ],
17 silly audit   commander: [ '7.2.0', '12.1.0', '2.20.3' ],
17 silly audit   compressible: [ '2.0.18' ],
17 silly audit   compression: [ '1.8.1' ],
17 silly audit   ms: [ '2.0.0', '2.1.3' ],
17 silly audit   negotiator: [ '0.6.4', '0.6.3', '1.0.0' ],
17 silly audit   connect: [ '3.7.0' ],
17 silly audit   'convert-source-map': [ '2.0.0' ],
17 silly audit   'core-js-compat': [ '3.49.0' ],
17 silly audit   'cross-fetch': [ '3.2.0' ],
17 silly audit   'cross-spawn': [ '7.0.6' ],
17 silly audit   'css-in-js-utils': [ '3.1.0' ],
17 silly audit   'css.escape': [ '1.5.1' ],
17 silly audit   csstype: [ '3.2.3' ],
17 silly audit   'decode-uri-component': [ '0.2.2' ],
17 silly audit   deepmerge: [ '4.3.1' ],
17 silly audit   defaults: [ '1.0.4' ],
17 silly audit   depd: [ '2.0.0' ],
17 silly audit   dequal: [ '2.0.3' ],
17 silly audit   destroy: [ '1.2.0' ],
17 silly audit   'detect-libc': [ '2.1.2' ],
17 silly audit   'detect-node-es': [ '1.1.0' ],
17 silly audit   'dnssd-advertise': [ '1.1.6' ],
17 silly audit   'ee-first': [ '1.1.1' ],
17 silly audit   'electron-to-chromium': [ '1.5.377' ],
17 silly audit   'emoji-regex': [ '8.0.0' ],
17 silly audit   encodeurl: [ '1.0.2', '2.0.0' ],
17 silly audit   'error-stack-parser': [ '2.1.4' ],
17 silly audit   'es-errors': [ '1.3.0' ],
17 silly audit   escalade: [ '3.2.0' ],
17 silly audit   'escape-html': [ '1.0.3' ],
17 silly audit   'escape-string-regexp': [ '4.0.0', '1.0.5' ],
17 silly audit   etag: [ '1.8.1' ],
17 silly audit   'event-target-shim': [ '5.0.1' ],
17 silly audit   expo: [ '56.0.12' ],
17 silly audit   'expo-asset': [ '56.0.17' ],
17 silly audit   'expo-constants': [ '56.0.18' ],
17 silly audit   'expo-file-system': [ '56.0.8' ],
17 silly audit   'expo-font': [ '56.0.7' ],
17 silly audit   'expo-glass-effect': [ '56.0.4' ],
17 silly audit   'expo-keep-awake': [ '56.0.3' ],
17 silly audit   'expo-linking': [ '56.0.14' ],
17 silly audit   'expo-modules-autolinking': [ '56.0.16' ],
17 silly audit   'expo-modules-core': [ '56.0.17' ],
17 silly audit   'expo-modules-jsi': [ '56.0.10' ],
17 silly audit   'expo-print': [ '56.0.4' ],
17 silly audit   'expo-router': [ '56.2.11' ],
17 silly audit   'expo-server': [ '56.0.5' ],
17 silly audit   'expo-sharing': [ '56.0.18' ],
17 silly audit   'expo-splash-screen': [ '56.0.10' ],
17 silly audit   'expo-sqlite': [ '56.0.5' ],
17 silly audit   'expo-status-bar': [ '56.0.4' ],
17 silly audit   'expo-symbols': [ '56.0.6' ],
17 silly audit   'expo-web-browser': [ '56.0.5' ],
17 silly audit   '@expo/cli': [ '56.1.16' ],
17 silly audit   '@expo/router-server': [ '56.0.14' ],
17 silly audit   '@expo/ws-tunnel': [ '2.0.0' ],
17 silly audit   'mime-db': [ '1.52.0', '1.54.0' ],
17 silly audit   'mime-types': [ '2.1.35', '3.0.2' ],
17 silly audit   ws: [ '8.21.0', '7.5.11' ],
17 silly audit   'exponential-backoff': [ '3.1.3' ],
17 silly audit   'fast-deep-equal': [ '3.1.3' ],
17 silly audit   'fb-dotslash': [ '0.5.8' ],
17 silly audit   'fb-watchman': [ '2.0.2' ],
17 silly audit   fbjs: [ '3.0.5' ],
17 silly audit   'fbjs-css-vars': [ '1.0.2' ],
17 silly audit   promise: [ '7.3.1', '8.3.0' ],
17 silly audit   fdir: [ '6.5.0' ],
17 silly audit   'fetch-nodeshim': [ '0.4.10' ],
17 silly audit   'fill-range': [ '7.1.1' ],
17 silly audit   'filter-obj': [ '1.1.0' ],
17 silly audit   finalhandler: [ '1.1.2' ],
17 silly audit   'flow-enums-runtime': [ '0.0.6' ],
17 silly audit   fontfaceobserver: [ '2.3.0' ],
17 silly audit   fresh: [ '0.5.2' ],
17 silly audit   'function-bind': [ '1.1.2' ],
17 silly audit   gensync: [ '1.0.0-beta.2' ],
17 silly audit   'get-caller-file': [ '2.0.5' ],
17 silly audit   'get-nonce': [ '1.0.1' ],
17 silly audit   getenv: [ '2.0.0' ],
17 silly audit   glob: [ '13.0.6' ],
17 silly audit   'graceful-fs': [ '4.2.11' ],
17 silly audit   'has-flag': [ '4.0.0', '3.0.0' ],
17 silly audit   hasown: [ '2.0.4' ],
17 silly audit   'hermes-compiler': [ '250829098.0.10' ],
17 silly audit   'hermes-estree': [ '0.33.3', '0.35.0' ],
17 silly audit   'hermes-parser': [ '0.33.3', '0.35.0' ],
17 silly audit   'hosted-git-info': [ '7.0.2' ],
17 silly audit   'lru-cache': [ '10.4.3', '5.1.1', '11.5.1' ],
17 silly audit   'http-errors': [ '2.0.1' ],
17 silly audit   statuses: [ '2.0.2', '1.5.0' ],
17 silly audit   'https-proxy-agent': [ '7.0.6' ],
17 silly audit   'hyphenate-style-name': [ '1.1.0' ],
17 silly audit   ignore: [ '5.3.2' ],
17 silly audit   'image-size': [ '1.2.1' ],
17 silly audit   'indent-string': [ '4.0.0' ],
17 silly audit   inherits: [ '2.0.4' ],
17 silly audit   'inline-style-prefixer': [ '7.0.1' ],
17 silly audit   invariant: [ '2.2.4' ],
17 silly audit   'is-arrayish': [ '0.3.4' ],
17 silly audit   'is-core-module': [ '2.16.2' ],
17 silly audit   'is-docker': [ '2.2.1' ],
17 silly audit   'is-fullwidth-code-point': [ '3.0.0' ],
17 silly audit   'is-number': [ '7.0.0' ],
17 silly audit   'is-wsl': [ '2.2.0' ],
17 silly audit   isexe: [ '2.0.0' ],
17 silly audit   'jest-get-type': [ '29.6.3' ],
17 silly audit   'jest-util': [ '29.7.0' ],
17 silly audit   picomatch: [ '2.3.2', '4.0.4' ],
17 silly audit   'jest-validate': [ '29.7.0' ],
17 silly audit   'jest-worker': [ '29.7.0' ],
17 silly audit   'supports-color': [ '8.1.1', '5.5.0', '7.2.0' ],
17 silly audit   'jimp-compact': [ '0.16.1' ],
17 silly audit   'js-tokens': [ '4.0.0' ],
17 silly audit   'js-yaml': [ '4.2.0' ],
17 silly audit   'jsc-safe-url': [ '0.2.4' ],
17 silly audit   jsesc: [ '3.1.0' ],
17 silly audit   json5: [ '2.2.3' ],
17 silly audit   kleur: [ '3.0.3' ],
17 silly audit   'lan-network': [ '0.2.1' ],
17 silly audit   leven: [ '3.1.0' ],
17 silly audit   'lighthouse-logger': [ '1.4.2' ],
17 silly audit   lightningcss: [ '1.32.0' ],
17 silly audit   'lightningcss-android-arm64': [ '1.32.0' ],
17 silly audit   'lightningcss-darwin-arm64': [ '1.32.0' ],
17 silly audit   'lightningcss-darwin-x64': [ '1.32.0' ],
17 silly audit   'lightningcss-freebsd-x64': [ '1.32.0' ],
17 silly audit   'lightningcss-linux-arm-gnueabihf': [ '1.32.0' ],
17 silly audit   'lightningcss-linux-arm64-gnu': [ '1.32.0' ],
17 silly audit   'lightningcss-linux-arm64-musl': [ '1.32.0' ],
17 silly audit   'lightningcss-linux-x64-gnu': [ '1.32.0' ],
17 silly audit   'lightningcss-linux-x64-musl': [ '1.32.0' ],
17 silly audit   'lightningcss-win32-arm64-msvc': [ '1.32.0' ],
17 silly audit   'lightningcss-win32-x64-msvc': [ '1.32.0' ],
17 silly audit   'lodash.debounce': [ '4.0.8' ],
17 silly audit   'lodash.throttle': [ '4.1.1' ],
17 silly audit   'log-symbols': [ '2.2.0' ],
17 silly audit   'loose-envify': [ '1.4.0' ],
17 silly audit   'lz-string': [ '1.5.0' ],
17 silly audit   makeerror: [ '1.0.12' ],
17 silly audit   marky: [ '1.3.0' ],
17 silly audit   'memoize-one': [ '5.2.1', '6.0.0' ],
17 silly audit   'merge-stream': [ '2.0.0' ],
17 silly audit   metro: [ '0.84.4' ],
17 silly audit   'metro-babel-transformer': [ '0.84.4' ],
17 silly audit   'metro-cache': [ '0.84.4' ],
17 silly audit   'metro-cache-key': [ '0.84.4' ],
17 silly audit   'metro-config': [ '0.84.4' ],
17 silly audit   'metro-core': [ '0.84.4' ],
17 silly audit   'metro-file-map': [ '0.84.4' ],
17 silly audit   'metro-minify-terser': [ '0.84.4' ],
17 silly audit   'metro-resolver': [ '0.84.4' ],
17 silly audit   'metro-runtime': [ '0.84.4' ],
17 silly audit   'metro-source-map': [ '0.84.4' ],
17 silly audit   'metro-symbolicate': [ '0.84.4' ],
17 silly audit   'metro-transform-plugins': [ '0.84.4' ],
17 silly audit   'metro-transform-worker': [ '0.84.4' ],
17 silly audit   micromatch: [ '4.0.8' ],
17 silly audit   mime: [ '1.6.0' ],
17 silly audit   'mimic-fn': [ '1.2.0' ],
17 silly audit   'min-indent': [ '1.0.1' ],
17 silly audit   minimatch: [ '10.2.5' ],
17 silly audit   minipass: [ '7.1.3' ],
17 silly audit   mkdirp: [ '1.0.4' ],
17 silly audit   multitars: [ '1.0.0' ],
17 silly audit   nanoid: [ '3.3.15' ],
17 silly audit   'node-fetch': [ '2.7.0' ],
17 silly audit   'node-forge': [ '1.4.0' ],
17 silly audit   'node-int64': [ '0.4.0' ],
17 silly audit   'node-releases': [ '2.0.48' ],
17 silly audit   'npm-package-arg': [ '11.0.3' ],
17 silly audit   nullthrows: [ '1.1.1' ],
17 silly audit   ob1: [ '0.84.4' ],
17 silly audit   'object-assign': [ '4.1.1' ],
17 silly audit   'on-finished': [ '2.3.0', '2.4.1' ],
17 silly audit   'on-headers': [ '1.1.0' ],
17 silly audit   onetime: [ '2.0.1' ],
17 silly audit   open: [ '7.4.2' ],
17 silly audit   ora: [ '3.4.0' ],
17 silly audit   'strip-ansi': [ '5.2.0', '6.0.1' ],
17 silly audit   'parse-png': [ '2.1.0' ],
17 silly audit   parseurl: [ '1.3.3' ],
17 silly audit   'path-key': [ '3.1.1' ],
17 silly audit   'path-parse': [ '1.0.7' ],
17 silly audit   'path-scurry': [ '2.0.2' ],
17 silly audit   picocolors: [ '1.1.1' ],
17 silly audit   plist: [ '3.1.1' ],
17 silly audit   pngjs: [ '3.4.0' ],
17 silly audit   postcss: [ '8.5.15' ],
17 silly audit   'postcss-value-parser': [ '4.2.0' ],
17 silly audit   'proc-log': [ '4.2.0' ],
17 silly audit   progress: [ '2.0.3' ],
17 silly audit   prompts: [ '2.4.2' ],
17 silly audit   'query-string': [ '7.1.3' ],
17 silly audit   queue: [ '6.0.2' ],
17 silly audit   'range-parser': [ '1.2.1' ],
17 silly audit   react: [ '19.2.3' ],
17 silly audit   'react-devtools-core': [ '6.1.5' ],
17 silly audit   'react-dom': [ '19.2.3' ],
17 silly audit   'react-fast-compare': [ '3.2.2' ],
17 silly audit   'react-freeze': [ '1.0.4' ],
17 silly audit   'react-native': [ '0.85.3' ],
17 silly audit   'react-native-drawer-layout': [ '4.2.5' ],
17 silly audit   'react-native-gesture-handler': [ '3.0.2' ],
17 silly audit   'react-native-is-edge-to-edge': [ '1.3.1' ],
17 silly audit   'react-native-reanimated': [ '4.3.1' ],
17 silly audit   'react-native-safe-area-context': [ '5.7.0' ],
17 silly audit   'react-native-screens': [ '4.25.2' ],
17 silly audit   'react-native-web': [ '0.21.2' ],
17 silly audit   'react-native-webview': [ '13.16.1' ],
17 silly audit   'react-native-worklets': [ '0.8.3' ],
17 silly audit   'react-refresh': [ '0.14.2' ],
17 silly audit   'react-remove-scroll': [ '2.7.2' ],
17 silly audit   'react-remove-scroll-bar': [ '2.3.8' ],
17 silly audit   'react-style-singleton': [ '2.2.3' ],
17 silly audit   redent: [ '3.0.0' ],
17 silly audit   regenerate: [ '1.4.2' ],
17 silly audit   'regenerate-unicode-properties': [ '10.2.2' ],
17 silly audit   'regenerator-runtime': [ '0.13.11' ],
17 silly audit   'regexpu-core': [ '6.4.0' ],
17 silly audit   regjsgen: [ '0.8.0' ],
17 silly audit   regjsparser: [ '0.13.2' ],
17 silly audit   'require-directory': [ '2.1.1' ],
17 silly audit   resolve: [ '1.22.12' ],
17 silly audit   'resolve-from': [ '5.0.0' ],
17 silly audit   'resolve-workspace-root': [ '2.0.1' ],
17 silly audit   'restore-cursor': [ '2.0.0' ],
17 silly audit   'safe-buffer': [ '5.2.1' ],
17 silly audit   sax: [ '1.6.0' ],
17 silly audit   scheduler: [ '0.27.0' ],
17 silly audit   send: [ '0.19.2' ],
17 silly audit   'serialize-error': [ '2.1.0' ],
17 silly audit   'serve-static': [ '1.16.3' ],
17 silly audit   'server-only': [ '0.0.1' ],
17 silly audit   setimmediate: [ '1.0.5' ],
17 silly audit   setprototypeof: [ '1.2.0' ],
17 silly audit   'sf-symbols-typescript': [ '2.2.0' ],
17 silly audit   shallowequal: [ '1.1.0' ],
17 silly audit   'shebang-command': [ '2.0.0' ],
17 silly audit   'shebang-regex': [ '3.0.0' ],
17 silly audit   'shell-quote': [ '1.8.4' ],
17 silly audit   'signal-exit': [ '3.0.7' ],
17 silly audit   'simple-plist': [ '1.3.1' ],
17 silly audit   'simple-swizzle': [ '0.2.4' ],
17 silly audit   sisteransi: [ '1.0.5' ],
17 silly audit   slugify: [ '1.6.9' ],
17 silly audit   'source-map': [ '0.5.7', '0.6.1' ],
17 silly audit   'source-map-js': [ '1.2.1' ],
17 silly audit   'source-map-support': [ '0.5.21' ],
17 silly audit   'split-on-first': [ '1.1.0' ],
17 silly audit   stackframe: [ '1.3.4' ],
17 silly audit   'stacktrace-parser': [ '0.1.11' ],
17 silly audit   'standard-navigation': [ '0.0.5' ],
17 silly audit   'stream-buffers': [ '2.2.0' ],
17 silly audit   'strict-uri-encode': [ '2.0.0' ],
17 silly audit   'string-width': [ '4.2.3' ],
17 silly audit   'strip-indent': [ '3.0.0' ],
17 silly audit   'structured-headers': [ '0.4.1' ],
17 silly audit   styleq: [ '0.1.3' ],
17 silly audit   'supports-hyperlinks': [ '2.3.0' ],
17 silly audit   'supports-preserve-symlinks-flag': [ '1.0.0' ],
17 silly audit   'terminal-link': [ '2.1.1' ],
17 silly audit   terser: [ '5.48.0' ],
17 silly audit   throat: [ '5.0.0' ],
17 silly audit   tinyglobby: [ '0.2.17' ],
17 silly audit   tmpl: [ '1.0.5' ],
17 silly audit   'to-regex-range': [ '5.0.1' ],
17 silly audit   toidentifier: [ '1.0.1' ],
17 silly audit   toqr: [ '0.1.1' ],
17 silly audit   tr46: [ '0.0.3' ],
17 silly audit   tslib: [ '2.8.1' ],
17 silly audit   typescript: [ '6.0.3' ],
17 silly audit   'ua-parser-js': [ '1.0.41' ],
17 silly audit   'undici-types': [ '8.3.0' ],
17 silly audit   'unicode-canonical-property-names-ecmascript': [ '2.0.1' ],
17 silly audit   'unicode-match-property-ecmascript': [ '2.0.0' ],
17 silly audit   'unicode-match-property-value-ecmascript': [ '2.2.1' ],
17 silly audit   'unicode-property-aliases-ecmascript': [ '2.2.0' ],
17 silly audit   unpipe: [ '1.0.0' ],
17 silly audit   'update-browserslist-db': [ '1.2.3' ],
17 silly audit   'use-callback-ref': [ '1.3.3' ],
17 silly audit   'use-latest-callback': [ '0.2.6' ],
17 silly audit   'use-sidecar': [ '1.1.3' ],
17 silly audit   'utils-merge': [ '1.0.1' ],
17 silly audit   uuid: [ '7.0.3' ],
17 silly audit   'validate-npm-package-name': [ '5.0.1' ],
17 silly audit   vary: [ '1.1.2' ],
17 silly audit   vaul: [ '1.1.2' ],
17 silly audit   vlq: [ '1.0.1' ],
17 silly audit   walker: [ '1.0.8' ],
17 silly audit   'warn-once': [ '0.1.1' ],
17 silly audit   wcwidth: [ '1.0.1' ],
17 silly audit   'webidl-conversions': [ '3.0.1' ],
17 silly audit   'whatwg-fetch': [ '3.6.20' ],
17 silly audit   'whatwg-url': [ '5.0.0' ],
17 silly audit   'whatwg-url-minimum': [ '0.1.2' ],
17 silly audit   which: [ '2.0.2' ],
17 silly audit   'wrap-ansi': [ '7.0.0' ],
17 silly audit   xcode: [ '3.0.1' ],
17 silly audit   xml2js: [ '0.6.0' ],
17 silly audit   xmlbuilder: [ '11.0.1', '15.1.1' ],
17 silly audit   y18n: [ '5.0.8' ],
17 silly audit   yallist: [ '3.1.1' ],
17 silly audit   yaml: [ '2.9.0' ],
17 silly audit   yargs: [ '17.7.3' ],
17 silly audit   'yargs-parser': [ '21.1.1' ],
17 silly audit   zod: [ '3.25.76' ]
17 silly audit }
18 http fetch GET 200 https://registry.npmjs.org/npm 318ms
19 http fetch POST 200 https://registry.npmjs.org/-/npm/v1/security/advisories/bulk 377ms
20 silly audit report {
20 silly audit report   uuid: [
20 silly audit report     {
20 silly audit report       id: 1119441,
20 silly audit report       url: 'https://github.com/advisories/GHSA-w5hq-g745-h8pq',
20 silly audit report       title: 'uuid: Missing buffer bounds check in v3/v5/v6 when buf is provided',
20 silly audit report       severity: 'moderate',
20 silly audit report       vulnerable_versions: '<11.1.1',
20 silly audit report       cwe: [Array],
20 silly audit report       cvss: [Object]
20 silly audit report     }
20 silly audit report   ]
20 silly audit report }
21 silly packumentCache corgi:https://registry.npmjs.org/uuid cache-miss
22 http fetch GET 200 https://registry.npmjs.org/uuid 49ms (cache miss)
23 silly packumentCache corgi:https://registry.npmjs.org/uuid set size:undefined disposed:false
24 silly packumentCache corgi:https://registry.npmjs.org/xcode cache-miss
25 http fetch GET 200 https://registry.npmjs.org/xcode 89ms (cache miss)
26 silly packumentCache corgi:https://registry.npmjs.org/xcode set size:undefined disposed:false
27 silly packumentCache corgi:https://registry.npmjs.org/@expo%2fconfig-plugins cache-miss
28 http fetch GET 200 https://registry.npmjs.org/@expo%2fconfig-plugins 75ms (cache miss)
29 silly packumentCache corgi:https://registry.npmjs.org/@expo%2fconfig-plugins set size:undefined disposed:false
30 silly packumentCache corgi:https://registry.npmjs.org/@expo%2fconfig cache-miss
31 silly packumentCache corgi:https://registry.npmjs.org/@expo%2finline-modules cache-miss
32 silly packumentCache corgi:https://registry.npmjs.org/@expo%2fprebuild-config cache-miss
33 silly packumentCache corgi:https://registry.npmjs.org/expo cache-miss
34 silly packumentCache corgi:https://registry.npmjs.org/expo-sharing cache-miss
35 silly packumentCache corgi:https://registry.npmjs.org/expo-splash-screen cache-miss
36 silly packumentCache corgi:https://registry.npmjs.org/@expo%2fcli cache-miss
37 http fetch GET 200 https://registry.npmjs.org/@expo%2fconfig 71ms (cache miss)
38 silly packumentCache corgi:https://registry.npmjs.org/@expo%2fconfig set size:undefined disposed:false
39 http fetch GET 200 https://registry.npmjs.org/expo-splash-screen 117ms (cache miss)
40 silly packumentCache corgi:https://registry.npmjs.org/expo-splash-screen set size:undefined disposed:false
41 http fetch GET 200 https://registry.npmjs.org/@expo%2fprebuild-config 122ms (cache miss)
42 silly packumentCache corgi:https://registry.npmjs.org/@expo%2fprebuild-config set size:undefined disposed:false
43 http fetch GET 200 https://registry.npmjs.org/expo 147ms (cache miss)
44 silly packumentCache corgi:https://registry.npmjs.org/expo set size:undefined disposed:false
45 http fetch GET 200 https://registry.npmjs.org/@expo%2fcli 173ms (cache miss)
46 silly packumentCache corgi:https://registry.npmjs.org/@expo%2fcli set size:undefined disposed:false
47 http fetch GET 200 https://registry.npmjs.org/@expo%2finline-modules 201ms (cache miss)
48 silly packumentCache corgi:https://registry.npmjs.org/@expo%2finline-modules set size:undefined disposed:false
49 http fetch GET 200 https://registry.npmjs.org/expo-sharing 261ms (cache miss)
50 silly packumentCache corgi:https://registry.npmjs.org/expo-sharing set size:undefined disposed:false
51 silly packumentCache corgi:https://registry.npmjs.org/@expo%2flocal-build-cache-provider cache-miss
52 silly packumentCache corgi:https://registry.npmjs.org/@expo%2fmetro-config cache-miss
53 http fetch GET 200 https://registry.npmjs.org/@expo%2flocal-build-cache-provider 111ms (cache miss)
54 silly packumentCache corgi:https://registry.npmjs.org/@expo%2flocal-build-cache-provider set size:undefined disposed:false
55 http fetch GET 200 https://registry.npmjs.org/@expo%2fmetro-config 129ms (cache miss)
56 silly packumentCache corgi:https://registry.npmjs.org/@expo%2fmetro-config set size:undefined disposed:false
57 silly packumentCache corgi:https://registry.npmjs.org/@expo%2fdom-webview cache-miss
58 silly packumentCache corgi:https://registry.npmjs.org/@expo%2flog-box cache-miss
59 silly packumentCache corgi:https://registry.npmjs.org/@expo%2fmetro-runtime cache-miss
60 silly packumentCache corgi:https://registry.npmjs.org/@expo%2fui cache-miss
61 silly packumentCache corgi:https://registry.npmjs.org/babel-preset-expo cache-miss
62 silly packumentCache corgi:https://registry.npmjs.org/expo-asset cache-miss
63 silly packumentCache corgi:https://registry.npmjs.org/expo-constants cache-miss
64 silly packumentCache corgi:https://registry.npmjs.org/expo-file-system cache-miss
65 silly packumentCache corgi:https://registry.npmjs.org/expo-font cache-miss
66 silly packumentCache corgi:https://registry.npmjs.org/expo-glass-effect cache-miss
67 silly packumentCache corgi:https://registry.npmjs.org/expo-keep-awake cache-miss
68 silly packumentCache corgi:https://registry.npmjs.org/expo-print cache-miss
69 silly packumentCache corgi:https://registry.npmjs.org/expo-router cache-miss
70 silly packumentCache corgi:https://registry.npmjs.org/expo-sqlite cache-miss
71 silly packumentCache corgi:https://registry.npmjs.org/expo-status-bar cache-miss
72 silly packumentCache corgi:https://registry.npmjs.org/expo-symbols cache-miss
73 silly packumentCache corgi:https://registry.npmjs.org/expo-web-browser cache-miss
74 silly packumentCache corgi:https://registry.npmjs.org/@expo%2frouter-server cache-miss
75 http fetch GET 200 https://registry.npmjs.org/expo-constants 163ms (cache miss)
76 silly packumentCache corgi:https://registry.npmjs.org/expo-constants set size:undefined disposed:false
77 http fetch GET 200 https://registry.npmjs.org/expo-asset 190ms (cache miss)
78 silly packumentCache corgi:https://registry.npmjs.org/expo-asset set size:undefined disposed:false
79 http fetch GET 200 https://registry.npmjs.org/@expo%2fdom-webview 225ms (cache miss)
80 silly packumentCache corgi:https://registry.npmjs.org/@expo%2fdom-webview set size:undefined disposed:false
81 http fetch GET 200 https://registry.npmjs.org/@expo%2flog-box 233ms (cache miss)
82 silly packumentCache corgi:https://registry.npmjs.org/@expo%2flog-box set size:undefined disposed:false
83 http fetch GET 200 https://registry.npmjs.org/expo-symbols 235ms (cache miss)
84 silly packumentCache corgi:https://registry.npmjs.org/expo-symbols set size:undefined disposed:false
85 http fetch GET 200 https://registry.npmjs.org/expo-glass-effect 241ms (cache miss)
86 silly packumentCache corgi:https://registry.npmjs.org/expo-glass-effect set size:undefined disposed:false
87 http fetch GET 200 https://registry.npmjs.org/expo-web-browser 242ms (cache miss)
88 silly packumentCache corgi:https://registry.npmjs.org/expo-web-browser set size:undefined disposed:false
89 http fetch GET 200 https://registry.npmjs.org/@expo%2fmetro-runtime 261ms (cache miss)
90 silly packumentCache corgi:https://registry.npmjs.org/@expo%2fmetro-runtime set size:undefined disposed:false
91 http fetch GET 200 https://registry.npmjs.org/@expo%2frouter-server 271ms (cache miss)
92 silly packumentCache corgi:https://registry.npmjs.org/@expo%2frouter-server set size:undefined disposed:false
93 http fetch GET 200 https://registry.npmjs.org/expo-print 275ms (cache miss)
94 silly packumentCache corgi:https://registry.npmjs.org/expo-print set size:undefined disposed:false
95 http fetch GET 200 https://registry.npmjs.org/expo-status-bar 285ms (cache miss)
96 silly packumentCache corgi:https://registry.npmjs.org/expo-status-bar set size:undefined disposed:false
97 http fetch GET 200 https://registry.npmjs.org/expo-keep-awake 295ms (cache miss)
98 silly packumentCache corgi:https://registry.npmjs.org/expo-keep-awake set size:undefined disposed:false
99 http fetch GET 200 https://registry.npmjs.org/babel-preset-expo 302ms (cache miss)
100 silly packumentCache corgi:https://registry.npmjs.org/babel-preset-expo set size:undefined disposed:false
101 http fetch GET 200 https://registry.npmjs.org/expo-file-system 310ms (cache miss)
102 silly packumentCache corgi:https://registry.npmjs.org/expo-file-system set size:undefined disposed:false
103 http fetch GET 200 https://registry.npmjs.org/expo-font 334ms (cache miss)
104 silly packumentCache corgi:https://registry.npmjs.org/expo-font set size:undefined disposed:false
105 http fetch GET 200 https://registry.npmjs.org/expo-sqlite 345ms (cache miss)
106 silly packumentCache corgi:https://registry.npmjs.org/expo-sqlite set size:undefined disposed:false
107 http fetch GET 200 https://registry.npmjs.org/@expo%2fui 356ms (cache miss)
108 silly packumentCache corgi:https://registry.npmjs.org/@expo%2fui set size:undefined disposed:false
109 http fetch GET 200 https://registry.npmjs.org/expo-router 361ms (cache miss)
110 silly packumentCache corgi:https://registry.npmjs.org/expo-router set size:undefined disposed:false
111 silly ADD node_modules/undefined
112 verbose cwd /Users/liperaon/Documents/mommys
113 verbose os Darwin 25.5.0
114 verbose node v25.9.0
115 verbose npm  v11.13.0
116 notice
116 notice New minor version of npm available! 11.13.0 -> 11.17.0
116 notice Changelog: https://github.com/npm/cli/releases/tag/v11.17.0
116 notice To update run: npm install -g npm@11.17.0
116 notice  { force: true, Symbol(proc-log.meta): true }
117 verbose exit 0
118 info ok
